Exception at PC 0x00007FFED5A59D98
Exception at PC 0x00007FFED5A59D98
Exception at PC 0x00007FFED5A59D98
Exception at PC 0x00007FFED5A59D98
Exception at PC 0x00007FFEA93CE132
Attemped to write at address 0x00007FFEA2344AA4
Printing stacktrace...

[0]  [0x00007FFEA93CE132]
[1]  [0x00007FFEA93CE132]
[2]  [0x00007FFEA93CE194]
[3]  [0x00007FFEA901D0D7]
[4]  [0x00007FFEA8F02BCA]
[5]  [0x00007FFEA8F02FD1]
[6]  [0x00007FFEA93CEB2F]
[7]  [0x00007FFEA928C19D]
[8]  [0x00007FFEA9285942]
[9]  [0x00007FFEA9285AB5]
[10] (RtlDeactivateActivationContextUnsafeFast+0x1af) [0x00007FFED887485F]
[11] (LdrShutdownProcess+0x12c) [0x00007FFED889D43C]
[12] (RtlExitUserProcess+0xb4) [0x00007FFED889D2F4]
[13] (FatalExit+0xa) [0x00007FFED644C0DA]
[14] (exit+0x75) [0x00007FFED7FAA045]
[15] (initterm_e+0x21d) [0x00007FFED7FAA68D]
[16]  [0x00000000004014CD]
[17]  [0x000000000040151B]
[18] (BaseThreadInitThunk+0x14) [0x00007FFED6442774]
[19] (RtlUserThreadStart+0x21) [0x00007FFED88C0D51]
Done
