Exception at PC 0x00007FFC762D9D98
Exception at PC 0x00007FFC762D9D98
Exception at PC 0x00007FFC762D9D98
Exception at PC 0x00007FFC762D9D98
Exception at PC 0x00007FFC0AE5E132
Attemped to write at address 0x00007FFC65414AA4
Printing stacktrace...

[0]  [0x00007FFC0AE5E132]
[1]  [0x00007FFC0AE5E132]
[2]  [0x00007FFC0AE5E194]
[3]  [0x00007FFC0AAAD0D7]
[4]  [0x00007FFC0A992BCA]
[5]  [0x00007FFC0A992FD1]
[6]  [0x00007FFC0AE5EB2F]
[7]  [0x00007FFC0AD1C19D]
[8]  [0x00007FFC0AD15942]
[9]  [0x00007FFC0AD15AB5]
[10] (RtlDeactivateActivationContextUnsafeFast+0x1af) [0x00007FFC78FA485F]
[11] (LdrShutdownProcess+0x12c) [0x00007FFC78FCD43C]
[12] (RtlExitUserProcess+0xb4) [0x00007FFC78FCD2F4]
[13] (FatalExit+0xa) [0x00007FFC7729C0DA]
[14] (exit+0x75) [0x00007FFC7680A045]
[15] (initterm_e+0x21d) [0x00007FFC7680A68D]
[16]  [0x00000000004014CD]
[17]  [0x000000000040151B]
[18] (BaseThreadInitThunk+0x14) [0x00007FFC77292774]
[19] (RtlUserThreadStart+0x21) [0x00007FFC78FF0D51]
Done
