Exception at PC 0x00007FFE264F9F68
Exception at PC 0x00007FFE264F9F68
Exception at PC 0x00007FFE264F9F68
Exception at PC 0x00007FFE264F9F68
Exception at PC 0x00007FFE264F9F68
Exception at PC 0x00007FFDC056E132
Attemped to write at address 0x00007FFE0AFA4AA4
Printing stacktrace...

[0]  [0x00007FFDC056E132]
[1]  [0x00007FFDC056E132]
[2]  [0x00007FFDC056E194]
[3]  [0x00007FFDC01BD0D7]
[4]  [0x00007FFDC00A2BCA]
[5]  [0x00007FFDC00A2FD1]
[6]  [0x00007FFDC056EB2F]
[7]  [0x00007FFDC042C19D]
[8]  [0x00007FFDC0425942]
[9]  [0x00007FFDC0425AB5]
[10] (RtlDeactivateActivationContextUnsafeFast+0x1af) [0x00007FFE29C8485F]
[11] (LdrShutdownProcess+0x12c) [0x00007FFE29CAD43C]
[12] (RtlExitUserProcess+0xb4) [0x00007FFE29CAD2F4]
[13] (FatalExit+0xa) [0x00007FFE29A7C0DA]
[14] (exit+0x75) [0x00007FFE29BCA045]
[15] (initterm_e+0x21d) [0x00007FFE29BCA68D]
[16]  [0x00000000004014CD]
[17]  [0x000000000040151B]
[18] (BaseThreadInitThunk+0x14) [0x00007FFE29A72774]
[19] (RtlUserThreadStart+0x21) [0x00007FFE29CD0D51]
Done
