Exception at PC 0x00007FFB47039D98
Exception at PC 0x00007FFB47039D98
Exception at PC 0x00007FFB47039D98
Exception at PC 0x00007FFB47039D98
Exception at PC 0x00007FFAE534E132
Attemped to write at address 0x00007FFB1DBD4AA4
Printing stacktrace...

[0]  [0x00007FFAE534E132]
[1]  [0x00007FFAE534E132]
[2]  [0x00007FFAE534E194]
[3]  [0x00007FFAE4F9D0D7]
[4]  [0x00007FFAE4E82BCA]
[5]  [0x00007FFAE4E82FD1]
[6]  [0x00007FFAE534EB2F]
[7]  [0x00007FFAE520C19D]
[8]  [0x00007FFAE5205942]
[9]  [0x00007FFAE5205AB5]
[10] (RtlDeactivateActivationContextUnsafeFast+0x1af) [0x00007FFB4A89485F]
[11] (LdrShutdownProcess+0x12c) [0x00007FFB4A8BD43C]
[12] (RtlExitUserProcess+0xb4) [0x00007FFB4A8BD2F4]
[13] (FatalExit+0xa) [0x00007FFB48CFC0DA]
[14] (exit+0x75) [0x00007FFB4867A045]
[15] (initterm_e+0x21d) [0x00007FFB4867A68D]
[16]  [0x00000000004014CD]
[17]  [0x000000000040151B]
[18] (BaseThreadInitThunk+0x14) [0x00007FFB48CF2774]
[19] (RtlUserThreadStart+0x21) [0x00007FFB4A8E0D51]
Done
