Exception at PC 0x00007FFB978C9D98
Exception at PC 0x00007FFB978C9D98
Exception at PC 0x00007FFB978C9D98
Exception at PC 0x00007FFB978C9D98
Exception at PC 0x00007FFB2C79E132
Attemped to write at address 0x00007FFB65244AA4
Printing stacktrace...

[0]  [0x00007FFB2C79E132]
[1]  [0x00007FFB2C79E132]
[2]  [0x00007FFB2C79E194]
[3]  [0x00007FFB2C3ED0D7]
[4]  [0x00007FFB2C2D2BCA]
[5]  [0x00007FFB2C2D2FD1]
[6]  [0x00007FFB2C79EB2F]
[7]  [0x00007FFB2C65C19D]
[8]  [0x00007FFB2C655942]
[9]  [0x00007FFB2C655AB5]
[10] (RtlDeactivateActivationContextUnsafeFast+0x1af) [0x00007FFB9ADA485F]
[11] (LdrShutdownProcess+0x12c) [0x00007FFB9ADCD43C]
[12] (RtlExitUserProcess+0xb4) [0x00007FFB9ADCD2F4]
[13] (FatalExit+0xa) [0x00007FFB988BC0DA]
[14] (exit+0x75) [0x00007FFB9AA6A045]
[15] (initterm_e+0x21d) [0x00007FFB9AA6A68D]
[16]  [0x00000000004014CD]
[17]  [0x000000000040151B]
[18] (BaseThreadInitThunk+0x14) [0x00007FFB988B2774]
[19] (RtlUserThreadStart+0x21) [0x00007FFB9ADF0D51]
Done
