Exception at PC 0x00007FFFAC179D98
Exception at PC 0x00007FFFAC179D98
Exception at PC 0x00007FFFAC179D98
Exception at PC 0x00007FFFAC179D98
Exception at PC 0x00007FFF8D6CE132
Attemped to write at address 0x00007FFF8CBA4AA4
Printing stacktrace...

[0]  [0x00007FFF8D6CE132]
[1]  [0x00007FFF8D6CE132]
[2]  [0x00007FFF8D6CE194]
[3]  [0x00007FFF8D31D0D7]
[4]  [0x00007FFF8D202BCA]
[5]  [0x00007FFF8D202FD1]
[6]  [0x00007FFF8D6CEB2F]
[7]  [0x00007FFF8D58C19D]
[8]  [0x00007FFF8D585942]
[9]  [0x00007FFF8D585AB5]
[10] (RtlDeactivateActivationContextUnsafeFast+0x1af) [0x00007FFFAF11485F]
[11] (LdrShutdownProcess+0x12c) [0x00007FFFAF13D43C]
[12] (RtlExitUserProcess+0xb4) [0x00007FFFAF13D2F4]
[13] (FatalExit+0xa) [0x00007FFFAE34C0DA]
[14] (exit+0x75) [0x00007FFFAEF9A045]
[15] (initterm_e+0x21d) [0x00007FFFAEF9A68D]
[16]  [0x00000000004014CD]
[17]  [0x000000000040151B]
[18] (BaseThreadInitThunk+0x14) [0x00007FFFAE342774]
[19] (RtlUserThreadStart+0x21) [0x00007FFFAF160D51]
Done
