Exception at PC 0x00007FFBAD259D98
Exception at PC 0x00007FFBAD259D98
Exception at PC 0x00007FFBAD259D98
Exception at PC 0x00007FFBAD259D98
Exception at PC 0x00007FFB3C72E132
Attemped to write at address 0x00007FFB81EE4AA4
Printing stacktrace...

[0]  [0x00007FFB3C72E132]
[1]  [0x00007FFB3C72E132]
[2]  [0x00007FFB3C72E194]
[3]  [0x00007FFB3C37D0D7]
[4]  [0x00007FFB3C262BCA]
[5]  [0x00007FFB3C262FD1]
[6]  [0x00007FFB3C72EB2F]
[7]  [0x00007FFB3C5EC19D]
[8]  [0x00007FFB3C5E5942]
[9]  [0x00007FFB3C5E5AB5]
[10] (RtlDeactivateActivationContextUnsafeFast+0x1af) [0x00007FFBB089485F]
[11] (LdrShutdownProcess+0x12c) [0x00007FFBB08BD43C]
[12] (RtlExitUserProcess+0xb4) [0x00007FFBB08BD2F4]
[13] (FatalExit+0xa) [0x00007FFBAF84C0DA]
[14] (exit+0x75) [0x00007FFBB06DA045]
[15] (initterm_e+0x21d) [0x00007FFBB06DA68D]
[16]  [0x00000000004014CD]
[17]  [0x000000000040151B]
[18] (BaseThreadInitThunk+0x14) [0x00007FFBAF842774]
[19] (RtlUserThreadStart+0x21) [0x00007FFBB08E0D51]
Done
