Exception at PC 0x00007FFDA2E39D98
Exception at PC 0x00007FFDA2E39D98
Exception at PC 0x00007FFDA2E39D98
Exception at PC 0x00007FFDA2E39D98
Exception at PC 0x00007FFD7658E132
Attemped to write at address 0x00007FFD70034AA4
Printing stacktrace...

[0]  [0x00007FFD7658E132]
[1]  [0x00007FFD7658E132]
[2]  [0x00007FFD7658E194]
[3]  [0x00007FFD761DD0D7]
[4]  [0x00007FFD760C2BCA]
[5]  [0x00007FFD760C2FD1]
[6]  [0x00007FFD7658EB2F]
[7]  [0x00007FFD7644C19D]
[8]  [0x00007FFD76445942]
[9]  [0x00007FFD76445AB5]
[10] (RtlDeactivateActivationContextUnsafeFast+0x1af) [0x00007FFDA652485F]
[11] (LdrShutdownProcess+0x12c) [0x00007FFDA654D43C]
[12] (RtlExitUserProcess+0xb4) [0x00007FFDA654D2F4]
[13] (FatalExit+0xa) [0x00007FFDA5B9C0DA]
[14] (exit+0x75) [0x00007FFDA3D0A045]
[15] (initterm_e+0x21d) [0x00007FFDA3D0A68D]
[16]  [0x00000000004014CD]
[17]  [0x000000000040151B]
[18] (BaseThreadInitThunk+0x14) [0x00007FFDA5B92774]
[19] (RtlUserThreadStart+0x21) [0x00007FFDA6570D51]
Done
