Vivado Simulator 2017.4
Copyright 1986-1999, 2001-2016 Xilinx, Inc. All Rights Reserved.
Running: C:/Xilinx/Vivado/2017.4/bin/unwrapped/win64.o/xelab.exe -wto c140929358a94edca39154cd9b8ece5a --incr --debug typical --relax --mt 2 -L xil_defaultlib -L secureip --snapshot Datapath_tb_behav xil_defaultlib.Datapath_tb -log elaborate.log 
Using 2 slave threads.
Starting static elaboration
Completed static elaboration
Starting simulation data flow analysis
Completed simulation data flow analysis
Time Resolution for simulation is 1ps
Compiling package std.standard
Compiling package std.textio
Compiling package ieee.std_logic_1164
Compiling package ieee.std_logic_arith
Compiling package ieee.std_logic_unsigned
Compiling architecture behavioral of entity xil_defaultlib.reg16 [reg16_default]
Compiling architecture behavioral of entity xil_defaultlib.mux8_16bit [mux8_16bit_default]
Compiling architecture behavioral of entity xil_defaultlib.decoder_3to8 [decoder_3to8_default]
Compiling architecture behavioral of entity xil_defaultlib.RegFile [regfile_default]
Compiling architecture behavioral of entity xil_defaultlib.logic_unit [logic_unit_default]
Compiling architecture behavioral of entity xil_defaultlib.full_adder [full_adder_default]
Compiling architecture behavioral of entity xil_defaultlib.arithmetic_circuit [arithmetic_circuit_default]
Compiling architecture behavioral of entity xil_defaultlib.Mux2_1 [mux2_1_default]
Compiling architecture behavioral of entity xil_defaultlib.ALU [alu_default]
Compiling architecture behavioral of entity xil_defaultlib.zero_detect [zero_detect_default]
Compiling architecture behavioral of entity xil_defaultlib.ALU_16bit [alu_16bit_default]
Compiling architecture behavioral of entity xil_defaultlib.mux3_1 [mux3_1_default]
Compiling architecture behavioral of entity xil_defaultlib.LR_shifter_16bit [lr_shifter_16bit_default]
Compiling architecture behavioral of entity xil_defaultlib.mux2_16bit [mux2_16bit_default]
Compiling architecture behavioral of entity xil_defaultlib.Functional_unit [functional_unit_default]
Compiling architecture behavioral of entity xil_defaultlib.Datapath [datapath_default]
Compiling architecture behavioral of entity xil_defaultlib.datapath_tb
Built simulation snapshot Datapath_tb_behav
