Exception at PC 0x00007FFE353A9D98
Exception at PC 0x00007FFE353A9D98
Exception at PC 0x00007FFE353A9D98
Exception at PC 0x00007FFE353A9D98
Exception at PC 0x00007FFDCDE9E132
Attemped to write at address 0x00007FFE11F54AA4
Printing stacktrace...

[0]  [0x00007FFDCDE9E132]
[1]  [0x00007FFDCDE9E132]
[2]  [0x00007FFDCDE9E194]
[3]  [0x00007FFDCDAED0D7]
[4]  [0x00007FFDCD9D2BCA]
[5]  [0x00007FFDCD9D2FD1]
[6]  [0x00007FFDCDE9EB2F]
[7]  [0x00007FFDCDD5C19D]
[8]  [0x00007FFDCDD55942]
[9]  [0x00007FFDCDD55AB5]
[10] (RtlDeactivateActivationContextUnsafeFast+0x1af) [0x00007FFE3830485F]
[11] (LdrShutdownProcess+0x12c) [0x00007FFE3832D43C]
[12] (RtlExitUserProcess+0xb4) [0x00007FFE3832D2F4]
[13] (FatalExit+0xa) [0x00007FFE37DFC0DA]
[14] (exit+0x75) [0x00007FFE35B7A045]
[15] (initterm_e+0x21d) [0x00007FFE35B7A68D]
[16]  [0x00000000004014CD]
[17]  [0x000000000040151B]
[18] (BaseThreadInitThunk+0x14) [0x00007FFE37DF2774]
[19] (RtlUserThreadStart+0x21) [0x00007FFE38350D51]
Done
